{"/home/ousavola/Fullstack/Osa5/src/App.js": {"path":"/home/ousavola/Fullstack/Osa5/src/App.js","statementMap":{"0":{"start":{"line":11,"column":28},"end":{"line":11,"column":40}},"1":{"start":{"line":12,"column":34},"end":{"line":12,"column":46}},"2":{"start":{"line":13,"column":34},"end":{"line":13,"column":46}},"3":{"start":{"line":14,"column":26},"end":{"line":14,"column":40}},"4":{"start":{"line":15,"column":30},"end":{"line":15,"column":42}},"5":{"start":{"line":16,"column":28},"end":{"line":16,"column":40}},"6":{"start":{"line":17,"column":24},"end":{"line":17,"column":36}},"7":{"start":{"line":18,"column":42},"end":{"line":18,"column":54}},"8":{"start":{"line":19,"column":32},"end":{"line":19,"column":44}},"9":{"start":{"line":21,"column":2},"end":{"line":30,"column":8}},"10":{"start":{"line":22,"column":4},"end":{"line":29,"column":8}},"11":{"start":{"line":25,"column":8},"end":{"line":25,"column":40}},"12":{"start":{"line":26,"column":8},"end":{"line":26,"column":54}},"13":{"start":{"line":26,"column":36},"end":{"line":26,"column":53}},"14":{"start":{"line":27,"column":8},"end":{"line":27,"column":30}},"15":{"start":{"line":28,"column":8},"end":{"line":28,"column":33}},"16":{"start":{"line":32,"column":2},"end":{"line":39,"column":8}},"17":{"start":{"line":33,"column":27},"end":{"line":33,"column":75}},"18":{"start":{"line":34,"column":4},"end":{"line":38,"column":5}},"19":{"start":{"line":35,"column":19},"end":{"line":35,"column":45}},"20":{"start":{"line":36,"column":6},"end":{"line":36,"column":19}},"21":{"start":{"line":37,"column":6},"end":{"line":37,"column":38}},"22":{"start":{"line":41,"column":15},"end":{"line":46,"column":5}},"23":{"start":{"line":42,"column":4},"end":{"line":46,"column":5}},"24":{"start":{"line":43,"column":6},"end":{"line":45,"column":52}},"25":{"start":{"line":44,"column":27},"end":{"line":44,"column":47}},"26":{"start":{"line":45,"column":28},"end":{"line":45,"column":49}},"27":{"start":{"line":48,"column":22},"end":{"line":68,"column":3}},"28":{"start":{"line":49,"column":4},"end":{"line":49,"column":26}},"29":{"start":{"line":50,"column":4},"end":{"line":50,"column":51}},"30":{"start":{"line":51,"column":4},"end":{"line":67,"column":5}},"31":{"start":{"line":52,"column":19},"end":{"line":54,"column":8}},"32":{"start":{"line":55,"column":6},"end":{"line":57,"column":7}},"33":{"start":{"line":58,"column":6},"end":{"line":58,"column":19}},"34":{"start":{"line":59,"column":6},"end":{"line":59,"column":38}},"35":{"start":{"line":60,"column":6},"end":{"line":60,"column":21}},"36":{"start":{"line":61,"column":6},"end":{"line":61,"column":21}},"37":{"start":{"line":63,"column":6},"end":{"line":63,"column":51}},"38":{"start":{"line":64,"column":6},"end":{"line":66,"column":14}},"39":{"start":{"line":65,"column":8},"end":{"line":65,"column":27}},"40":{"start":{"line":70,"column":18},"end":{"line":75,"column":3}},"41":{"start":{"line":71,"column":4},"end":{"line":74,"column":12}},"42":{"start":{"line":72,"column":6},"end":{"line":72,"column":20}},"43":{"start":{"line":73,"column":6},"end":{"line":73,"column":25}},"44":{"start":{"line":77,"column":23},"end":{"line":83,"column":3}},"45":{"start":{"line":78,"column":4},"end":{"line":78,"column":26}},"46":{"start":{"line":79,"column":4},"end":{"line":79,"column":55}},"47":{"start":{"line":80,"column":4},"end":{"line":80,"column":17}},"48":{"start":{"line":81,"column":4},"end":{"line":81,"column":48}},"49":{"start":{"line":82,"column":4},"end":{"line":82,"column":13}},"50":{"start":{"line":85,"column":20},"end":{"line":95,"column":3}},"51":{"start":{"line":86,"column":4},"end":{"line":94,"column":16}},"52":{"start":{"line":90,"column":46},"end":{"line":90,"column":71}},"53":{"start":{"line":92,"column":46},"end":{"line":92,"column":71}},"54":{"start":{"line":96,"column":21},"end":{"line":96,"column":38}},"55":{"start":{"line":98,"column":25},"end":{"line":109,"column":3}},"56":{"start":{"line":99,"column":4},"end":{"line":108,"column":16}},"57":{"start":{"line":103,"column":37},"end":{"line":103,"column":59}},"58":{"start":{"line":105,"column":38},"end":{"line":105,"column":61}},"59":{"start":{"line":106,"column":35},"end":{"line":106,"column":55}},"60":{"start":{"line":111,"column":22},"end":{"line":129,"column":3}},"61":{"start":{"line":112,"column":17},"end":{"line":112,"column":45}},"62":{"start":{"line":112,"column":33},"end":{"line":112,"column":44}},"63":{"start":{"line":113,"column":4},"end":{"line":113,"column":21}},"64":{"start":{"line":114,"column":18},"end":{"line":114,"column":31}},"65":{"start":{"line":115,"column":19},"end":{"line":115,"column":31}},"66":{"start":{"line":116,"column":4},"end":{"line":116,"column":22}},"67":{"start":{"line":117,"column":4},"end":{"line":117,"column":19}},"68":{"start":{"line":118,"column":20},"end":{"line":124,"column":5}},"69":{"start":{"line":125,"column":24},"end":{"line":125,"column":66}},"70":{"start":{"line":126,"column":25},"end":{"line":126,"column":82}},"71":{"start":{"line":126,"column":40},"end":{"line":126,"column":81}},"72":{"start":{"line":127,"column":4},"end":{"line":127,"column":49}},"73":{"start":{"line":127,"column":32},"end":{"line":127,"column":48}},"74":{"start":{"line":128,"column":4},"end":{"line":128,"column":26}},"75":{"start":{"line":131,"column":23},"end":{"line":139,"column":3}},"76":{"start":{"line":132,"column":17},"end":{"line":132,"column":45}},"77":{"start":{"line":132,"column":33},"end":{"line":132,"column":44}},"78":{"start":{"line":133,"column":22},"end":{"line":133,"column":104}},"79":{"start":{"line":134,"column":4},"end":{"line":138,"column":5}},"80":{"start":{"line":135,"column":6},"end":{"line":135,"column":25}},"81":{"start":{"line":136,"column":6},"end":{"line":136,"column":37}},"82":{"start":{"line":137,"column":6},"end":{"line":137,"column":46}},"83":{"start":{"line":137,"column":33},"end":{"line":137,"column":44}},"84":{"start":{"line":141,"column":24},"end":{"line":165,"column":3}},"85":{"start":{"line":142,"column":4},"end":{"line":142,"column":26}},"86":{"start":{"line":143,"column":4},"end":{"line":143,"column":41}},"87":{"start":{"line":144,"column":23},"end":{"line":148,"column":5}},"88":{"start":{"line":150,"column":4},"end":{"line":164,"column":8}},"89":{"start":{"line":153,"column":8},"end":{"line":153,"column":33}},"90":{"start":{"line":154,"column":8},"end":{"line":154,"column":69}},"91":{"start":{"line":155,"column":8},"end":{"line":155,"column":17}},"92":{"start":{"line":156,"column":8},"end":{"line":156,"column":44}},"93":{"start":{"line":157,"column":8},"end":{"line":157,"column":20}},"94":{"start":{"line":158,"column":8},"end":{"line":158,"column":21}},"95":{"start":{"line":159,"column":8},"end":{"line":159,"column":18}},"96":{"start":{"line":162,"column":8},"end":{"line":162,"column":142}},"97":{"start":{"line":163,"column":8},"end":{"line":163,"column":17}},"98":{"start":{"line":167,"column":2},"end":{"line":190,"column":3}}},"fnMap":{"0":{"name":"App","decl":{"start":{"line":10,"column":9},"end":{"line":10,"column":12}},"loc":{"start":{"line":10,"column":15},"end":{"line":191,"column":1}},"line":10},"1":{"name":"(anonymous_1)","decl":{"start":{"line":21,"column":12},"end":{"line":21,"column":13}},"loc":{"start":{"line":21,"column":18},"end":{"line":30,"column":3}},"line":21},"2":{"name":"(anonymous_2)","decl":{"start":{"line":24,"column":12},"end":{"line":24,"column":13}},"loc":{"start":{"line":24,"column":28},"end":{"line":29,"column":7}},"line":24},"3":{"name":"(anonymous_3)","decl":{"start":{"line":26,"column":26},"end":{"line":26,"column":27}},"loc":{"start":{"line":26,"column":36},"end":{"line":26,"column":53}},"line":26},"4":{"name":"(anonymous_4)","decl":{"start":{"line":32,"column":12},"end":{"line":32,"column":13}},"loc":{"start":{"line":32,"column":18},"end":{"line":39,"column":3}},"line":32},"5":{"name":"(anonymous_5)","decl":{"start":{"line":41,"column":15},"end":{"line":41,"column":16}},"loc":{"start":{"line":42,"column":4},"end":{"line":46,"column":5}},"line":42},"6":{"name":"(anonymous_6)","decl":{"start":{"line":42,"column":14},"end":{"line":42,"column":15}},"loc":{"start":{"line":43,"column":6},"end":{"line":45,"column":52}},"line":43},"7":{"name":"(anonymous_7)","decl":{"start":{"line":44,"column":21},"end":{"line":44,"column":22}},"loc":{"start":{"line":44,"column":27},"end":{"line":44,"column":47}},"line":44},"8":{"name":"(anonymous_8)","decl":{"start":{"line":45,"column":22},"end":{"line":45,"column":23}},"loc":{"start":{"line":45,"column":28},"end":{"line":45,"column":49}},"line":45},"9":{"name":"(anonymous_9)","decl":{"start":{"line":48,"column":22},"end":{"line":48,"column":23}},"loc":{"start":{"line":48,"column":39},"end":{"line":68,"column":3}},"line":48},"10":{"name":"(anonymous_10)","decl":{"start":{"line":64,"column":17},"end":{"line":64,"column":18}},"loc":{"start":{"line":64,"column":23},"end":{"line":66,"column":7}},"line":64},"11":{"name":"(anonymous_11)","decl":{"start":{"line":70,"column":18},"end":{"line":70,"column":19}},"loc":{"start":{"line":70,"column":24},"end":{"line":75,"column":3}},"line":70},"12":{"name":"(anonymous_12)","decl":{"start":{"line":71,"column":15},"end":{"line":71,"column":16}},"loc":{"start":{"line":71,"column":21},"end":{"line":74,"column":5}},"line":71},"13":{"name":"(anonymous_13)","decl":{"start":{"line":77,"column":23},"end":{"line":77,"column":24}},"loc":{"start":{"line":77,"column":34},"end":{"line":83,"column":3}},"line":77},"14":{"name":"(anonymous_14)","decl":{"start":{"line":85,"column":20},"end":{"line":85,"column":21}},"loc":{"start":{"line":86,"column":4},"end":{"line":94,"column":16}},"line":86},"15":{"name":"(anonymous_15)","decl":{"start":{"line":90,"column":30},"end":{"line":90,"column":31}},"loc":{"start":{"line":90,"column":46},"end":{"line":90,"column":71}},"line":90},"16":{"name":"(anonymous_16)","decl":{"start":{"line":92,"column":30},"end":{"line":92,"column":31}},"loc":{"start":{"line":92,"column":46},"end":{"line":92,"column":71}},"line":92},"17":{"name":"(anonymous_17)","decl":{"start":{"line":98,"column":25},"end":{"line":98,"column":26}},"loc":{"start":{"line":99,"column":4},"end":{"line":108,"column":16}},"line":99},"18":{"name":"(anonymous_18)","decl":{"start":{"line":103,"column":21},"end":{"line":103,"column":22}},"loc":{"start":{"line":103,"column":37},"end":{"line":103,"column":59}},"line":103},"19":{"name":"(anonymous_19)","decl":{"start":{"line":105,"column":22},"end":{"line":105,"column":23}},"loc":{"start":{"line":105,"column":38},"end":{"line":105,"column":61}},"line":105},"20":{"name":"(anonymous_20)","decl":{"start":{"line":106,"column":19},"end":{"line":106,"column":20}},"loc":{"start":{"line":106,"column":35},"end":{"line":106,"column":55}},"line":106},"21":{"name":"(anonymous_21)","decl":{"start":{"line":111,"column":22},"end":{"line":111,"column":23}},"loc":{"start":{"line":111,"column":36},"end":{"line":129,"column":3}},"line":111},"22":{"name":"(anonymous_22)","decl":{"start":{"line":112,"column":28},"end":{"line":112,"column":29}},"loc":{"start":{"line":112,"column":33},"end":{"line":112,"column":44}},"line":112},"23":{"name":"(anonymous_23)","decl":{"start":{"line":126,"column":35},"end":{"line":126,"column":36}},"loc":{"start":{"line":126,"column":40},"end":{"line":126,"column":81}},"line":126},"24":{"name":"(anonymous_24)","decl":{"start":{"line":127,"column":22},"end":{"line":127,"column":23}},"loc":{"start":{"line":127,"column":32},"end":{"line":127,"column":48}},"line":127},"25":{"name":"(anonymous_25)","decl":{"start":{"line":131,"column":23},"end":{"line":131,"column":24}},"loc":{"start":{"line":131,"column":29},"end":{"line":139,"column":3}},"line":131},"26":{"name":"(anonymous_26)","decl":{"start":{"line":132,"column":28},"end":{"line":132,"column":29}},"loc":{"start":{"line":132,"column":33},"end":{"line":132,"column":44}},"line":132},"27":{"name":"(anonymous_27)","decl":{"start":{"line":137,"column":28},"end":{"line":137,"column":29}},"loc":{"start":{"line":137,"column":33},"end":{"line":137,"column":44}},"line":137},"28":{"name":"(anonymous_28)","decl":{"start":{"line":141,"column":24},"end":{"line":141,"column":25}},"loc":{"start":{"line":141,"column":35},"end":{"line":165,"column":3}},"line":141},"29":{"name":"(anonymous_29)","decl":{"start":{"line":152,"column":12},"end":{"line":152,"column":13}},"loc":{"start":{"line":152,"column":28},"end":{"line":160,"column":7}},"line":152},"30":{"name":"(anonymous_30)","decl":{"start":{"line":161,"column":13},"end":{"line":161,"column":14}},"loc":{"start":{"line":161,"column":22},"end":{"line":164,"column":7}},"line":161}},"branchMap":{"0":{"loc":{"start":{"line":34,"column":4},"end":{"line":38,"column":5}},"type":"if","locations":[{"start":{"line":34,"column":4},"end":{"line":38,"column":5}},{"start":{"line":34,"column":4},"end":{"line":38,"column":5}}],"line":34},"1":{"loc":{"start":{"line":126,"column":40},"end":{"line":126,"column":81}},"type":"cond-expr","locations":[{"start":{"line":126,"column":66},"end":{"line":126,"column":67}},{"start":{"line":126,"column":70},"end":{"line":126,"column":81}}],"line":126},"2":{"loc":{"start":{"line":134,"column":4},"end":{"line":138,"column":5}},"type":"if","locations":[{"start":{"line":134,"column":4},"end":{"line":138,"column":5}},{"start":{"line":134,"column":4},"end":{"line":138,"column":5}}],"line":134},"3":{"loc":{"start":{"line":170,"column":7},"end":{"line":187,"column":14}},"type":"cond-expr","locations":[{"start":{"line":171,"column":8},"end":{"line":174,"column":14}},{"start":{"line":175,"column":8},"end":{"line":187,"column":14}}],"line":170}},"s":{"0":7,"1":7,"2":7,"3":7,"4":7,"5":7,"6":7,"7":7,"8":7,"9":7,"10":2,"11":2,"12":2,"13":5,"14":2,"15":2,"16":7,"17":2,"18":2,"19":1,"20":1,"21":1,"22":7,"23":3,"24":3,"25":0,"26":0,"27":7,"28":0,"29":0,"30":0,"31":0,"32":0,"33":0,"34":0,"35":0,"36":0,"37":0,"38":0,"39":0,"40":7,"41":0,"42":0,"43":0,"44":7,"45":0,"46":0,"47":0,"48":0,"49":0,"50":7,"51":4,"52":0,"53":0,"54":7,"55":7,"56":3,"57":0,"58":0,"59":0,"60":7,"61":0,"62":0,"63":0,"64":0,"65":0,"66":0,"67":0,"68":0,"69":0,"70":0,"71":0,"72":0,"73":0,"74":0,"75":7,"76":0,"77":0,"78":0,"79":0,"80":0,"81":0,"82":0,"83":0,"84":7,"85":0,"86":0,"87":0,"88":0,"89":0,"90":0,"91":0,"92":0,"93":0,"94":0,"95":0,"96":0,"97":0,"98":7},"f":{"0":7,"1":2,"2":2,"3":5,"4":2,"5":3,"6":3,"7":0,"8":0,"9":0,"10":0,"11":0,"12":0,"13":0,"14":4,"15":0,"16":0,"17":3,"18":0,"19":0,"20":0,"21":0,"22":0,"23":0,"24":0,"25":0,"26":0,"27":0,"28":0,"29":0,"30":0},"b":{"0":[1,1],"1":[0,0],"2":[0,0],"3":[4,3]},"_coverageSchema":"43e27e138ebf9cfc5966b082cf9a028302ed4184","hash":"984d981d3207be587a0438d9da848245dc27e81f"}
,"/home/ousavola/Fullstack/Osa5/src/index.js": {"path":"/home/ousavola/Fullstack/Osa5/src/index.js","statementMap":{"0":{"start":{"line":6,"column":0},"end":{"line":6,"column":57}}},"fnMap":{},"branchMap":{},"s":{"0":0},"f":{},"b":{},"hash":"abfe421bccaf5024675ad81167b70961b563c234"}
,"/home/ousavola/Fullstack/Osa5/src/components/Blog.js": {"path":"/home/ousavola/Fullstack/Osa5/src/components/Blog.js","statementMap":{"0":{"start":{"line":3,"column":13},"end":{"line":42,"column":1}},"1":{"start":{"line":4,"column":32},"end":{"line":4,"column":46}},"2":{"start":{"line":6,"column":20},"end":{"line":12,"column":3}},"3":{"start":{"line":13,"column":26},"end":{"line":13,"column":60}},"4":{"start":{"line":14,"column":26},"end":{"line":14,"column":60}},"5":{"start":{"line":16,"column":27},"end":{"line":18,"column":3}},"6":{"start":{"line":17,"column":4},"end":{"line":17,"column":24}},"7":{"start":{"line":20,"column":20},"end":{"line":20,"column":56}},"8":{"start":{"line":21,"column":2},"end":{"line":41,"column":3}}},"fnMap":{"0":{"name":"(anonymous_0)","decl":{"start":{"line":3,"column":13},"end":{"line":3,"column":14}},"loc":{"start":{"line":3,"column":60},"end":{"line":42,"column":1}},"line":3},"1":{"name":"(anonymous_1)","decl":{"start":{"line":16,"column":27},"end":{"line":16,"column":28}},"loc":{"start":{"line":16,"column":33},"end":{"line":18,"column":3}},"line":16}},"branchMap":{"0":{"loc":{"start":{"line":13,"column":37},"end":{"line":13,"column":58}},"type":"cond-expr","locations":[{"start":{"line":13,"column":47},"end":{"line":13,"column":53}},{"start":{"line":13,"column":56},"end":{"line":13,"column":58}}],"line":13},"1":{"loc":{"start":{"line":14,"column":37},"end":{"line":14,"column":58}},"type":"cond-expr","locations":[{"start":{"line":14,"column":47},"end":{"line":14,"column":49}},{"start":{"line":14,"column":52},"end":{"line":14,"column":58}}],"line":14},"2":{"loc":{"start":{"line":36,"column":9},"end":{"line":38,"column":14}},"type":"cond-expr","locations":[{"start":{"line":37,"column":10},"end":{"line":37,"column":56}},{"start":{"line":38,"column":10},"end":{"line":38,"column":14}}],"line":36}},"s":{"0":2,"1":9,"2":9,"3":9,"4":9,"5":9,"6":2,"7":9,"8":9},"f":{"0":9,"1":2},"b":{"0":[8,1],"1":[8,1],"2":[8,1]},"_coverageSchema":"43e27e138ebf9cfc5966b082cf9a028302ed4184","hash":"a8fe18571808972d06c45dd384804ee80dcf3916"}
,"/home/ousavola/Fullstack/Osa5/src/components/CreateBlogForm.js": {"path":"/home/ousavola/Fullstack/Osa5/src/components/CreateBlogForm.js","statementMap":{"0":{"start":{"line":4,"column":23},"end":{"line":35,"column":1}},"1":{"start":{"line":5,"column":2},"end":{"line":34,"column":9}},"2":{"start":{"line":36,"column":0},"end":{"line":43,"column":1}}},"fnMap":{"0":{"name":"(anonymous_0)","decl":{"start":{"line":4,"column":23},"end":{"line":4,"column":24}},"loc":{"start":{"line":5,"column":2},"end":{"line":34,"column":9}},"line":5}},"branchMap":{},"s":{"0":1,"1":3,"2":1},"f":{"0":3},"b":{},"_coverageSchema":"43e27e138ebf9cfc5966b082cf9a028302ed4184","hash":"b2464dae35155f159b72c77ef147e75ea657fe26"}
,"/home/ousavola/Fullstack/Osa5/src/components/LoginForm.js": {"path":"/home/ousavola/Fullstack/Osa5/src/components/LoginForm.js","statementMap":{"0":{"start":{"line":4,"column":18},"end":{"line":26,"column":1}},"1":{"start":{"line":5,"column":2},"end":{"line":25,"column":8}},"2":{"start":{"line":27,"column":0},"end":{"line":33,"column":1}}},"fnMap":{"0":{"name":"(anonymous_0)","decl":{"start":{"line":4,"column":18},"end":{"line":4,"column":19}},"loc":{"start":{"line":5,"column":2},"end":{"line":25,"column":8}},"line":5}},"branchMap":{},"s":{"0":1,"1":4,"2":1},"f":{"0":4},"b":{},"_coverageSchema":"43e27e138ebf9cfc5966b082cf9a028302ed4184","hash":"d6497faca61d71bebe9fb30fac861c9e364394dc"}
,"/home/ousavola/Fullstack/Osa5/src/components/Notification.js": {"path":"/home/ousavola/Fullstack/Osa5/src/components/Notification.js","statementMap":{"0":{"start":{"line":4,"column":21},"end":{"line":19,"column":1}},"1":{"start":{"line":5,"column":2},"end":{"line":17,"column":3}},"2":{"start":{"line":6,"column":4},"end":{"line":10,"column":5}},"3":{"start":{"line":11,"column":9},"end":{"line":17,"column":3}},"4":{"start":{"line":12,"column":4},"end":{"line":16,"column":5}},"5":{"start":{"line":18,"column":2},"end":{"line":18,"column":13}}},"fnMap":{"0":{"name":"(anonymous_0)","decl":{"start":{"line":4,"column":21},"end":{"line":4,"column":22}},"loc":{"start":{"line":4,"column":54},"end":{"line":19,"column":1}},"line":4}},"branchMap":{"0":{"loc":{"start":{"line":5,"column":2},"end":{"line":17,"column":3}},"type":"if","locations":[{"start":{"line":5,"column":2},"end":{"line":17,"column":3}},{"start":{"line":5,"column":2},"end":{"line":17,"column":3}}],"line":5},"1":{"loc":{"start":{"line":11,"column":9},"end":{"line":17,"column":3}},"type":"if","locations":[{"start":{"line":11,"column":9},"end":{"line":17,"column":3}},{"start":{"line":11,"column":9},"end":{"line":17,"column":3}}],"line":11}},"s":{"0":1,"1":7,"2":0,"3":7,"4":0,"5":7},"f":{"0":7},"b":{"0":[0,7],"1":[0,7]},"_coverageSchema":"43e27e138ebf9cfc5966b082cf9a028302ed4184","hash":"40ace58b02d566f0e7a89249755b7a64e689a588"}
,"/home/ousavola/Fullstack/Osa5/src/components/SimpleBlog.js": {"path":"/home/ousavola/Fullstack/Osa5/src/components/SimpleBlog.js","statementMap":{"0":{"start":{"line":3,"column":19},"end":{"line":13,"column":1}},"1":{"start":{"line":4,"column":2},"end":{"line":12,"column":8}}},"fnMap":{"0":{"name":"(anonymous_0)","decl":{"start":{"line":3,"column":19},"end":{"line":3,"column":20}},"loc":{"start":{"line":4,"column":2},"end":{"line":12,"column":8}},"line":4}},"branchMap":{},"s":{"0":1,"1":2},"f":{"0":2},"b":{},"_coverageSchema":"43e27e138ebf9cfc5966b082cf9a028302ed4184","hash":"949f6dd907e69bc1c22fc82768ca031f2241a6c5"}
,"/home/ousavola/Fullstack/Osa5/src/components/Togglable.js": {"path":"/home/ousavola/Fullstack/Osa5/src/components/Togglable.js","statementMap":{"0":{"start":{"line":3,"column":18},"end":{"line":31,"column":2}},"1":{"start":{"line":5,"column":32},"end":{"line":5,"column":47}},"2":{"start":{"line":7,"column":26},"end":{"line":7,"column":60}},"3":{"start":{"line":8,"column":26},"end":{"line":8,"column":60}},"4":{"start":{"line":10,"column":27},"end":{"line":12,"column":3}},"5":{"start":{"line":11,"column":4},"end":{"line":11,"column":24}},"6":{"start":{"line":14,"column":2},"end":{"line":18,"column":4}},"7":{"start":{"line":15,"column":4},"end":{"line":17,"column":5}},"8":{"start":{"line":20,"column":2},"end":{"line":30,"column":3}},"9":{"start":{"line":32,"column":0},"end":{"line":32,"column":35}}},"fnMap":{"0":{"name":"(anonymous_0)","decl":{"start":{"line":3,"column":35},"end":{"line":3,"column":36}},"loc":{"start":{"line":3,"column":51},"end":{"line":31,"column":1}},"line":3},"1":{"name":"(anonymous_1)","decl":{"start":{"line":10,"column":27},"end":{"line":10,"column":28}},"loc":{"start":{"line":10,"column":33},"end":{"line":12,"column":3}},"line":10},"2":{"name":"(anonymous_2)","decl":{"start":{"line":14,"column":27},"end":{"line":14,"column":28}},"loc":{"start":{"line":14,"column":33},"end":{"line":18,"column":3}},"line":14}},"branchMap":{"0":{"loc":{"start":{"line":7,"column":37},"end":{"line":7,"column":58}},"type":"cond-expr","locations":[{"start":{"line":7,"column":47},"end":{"line":7,"column":53}},{"start":{"line":7,"column":56},"end":{"line":7,"column":58}}],"line":7},"1":{"loc":{"start":{"line":8,"column":37},"end":{"line":8,"column":58}},"type":"cond-expr","locations":[{"start":{"line":8,"column":47},"end":{"line":8,"column":49}},{"start":{"line":8,"column":52},"end":{"line":8,"column":58}}],"line":8}},"s":{"0":1,"1":7,"2":7,"3":7,"4":7,"5":0,"6":7,"7":3,"8":7,"9":1},"f":{"0":7,"1":0,"2":3},"b":{"0":[0,7],"1":[0,7]},"_coverageSchema":"43e27e138ebf9cfc5966b082cf9a028302ed4184","hash":"c146e97b6a0c80e5b91effd6923e49162cb08afc"}
,"/home/ousavola/Fullstack/Osa5/src/services/blogs.js": {"path":"/home/ousavola/Fullstack/Osa5/src/services/blogs.js","statementMap":{"0":{"start":{"line":3,"column":16},"end":{"line":3,"column":28}},"1":{"start":{"line":5,"column":12},"end":{"line":5,"column":16}},"2":{"start":{"line":7,"column":17},"end":{"line":9,"column":1}},"3":{"start":{"line":8,"column":2},"end":{"line":8,"column":30}},"4":{"start":{"line":11,"column":15},"end":{"line":14,"column":1}},"5":{"start":{"line":12,"column":18},"end":{"line":12,"column":36}},"6":{"start":{"line":13,"column":2},"end":{"line":13,"column":48}},"7":{"start":{"line":13,"column":34},"end":{"line":13,"column":47}},"8":{"start":{"line":16,"column":15},"end":{"line":23,"column":1}},"9":{"start":{"line":17,"column":17},"end":{"line":19,"column":3}},"10":{"start":{"line":21,"column":19},"end":{"line":21,"column":63}},"11":{"start":{"line":22,"column":2},"end":{"line":22,"column":22}},"12":{"start":{"line":25,"column":15},"end":{"line":28,"column":1}},"13":{"start":{"line":26,"column":19},"end":{"line":26,"column":65}},"14":{"start":{"line":27,"column":2},"end":{"line":27,"column":22}},"15":{"start":{"line":30,"column":19},"end":{"line":36,"column":1}},"16":{"start":{"line":31,"column":17},"end":{"line":33,"column":3}},"17":{"start":{"line":34,"column":19},"end":{"line":34,"column":65}},"18":{"start":{"line":35,"column":2},"end":{"line":35,"column":22}}},"fnMap":{"0":{"name":"(anonymous_0)","decl":{"start":{"line":7,"column":17},"end":{"line":7,"column":18}},"loc":{"start":{"line":7,"column":29},"end":{"line":9,"column":1}},"line":7},"1":{"name":"(anonymous_1)","decl":{"start":{"line":11,"column":15},"end":{"line":11,"column":16}},"loc":{"start":{"line":11,"column":21},"end":{"line":14,"column":1}},"line":11},"2":{"name":"(anonymous_2)","decl":{"start":{"line":13,"column":22},"end":{"line":13,"column":23}},"loc":{"start":{"line":13,"column":34},"end":{"line":13,"column":47}},"line":13},"3":{"name":"(anonymous_3)","decl":{"start":{"line":16,"column":15},"end":{"line":16,"column":16}},"loc":{"start":{"line":16,"column":34},"end":{"line":23,"column":1}},"line":16},"4":{"name":"(anonymous_4)","decl":{"start":{"line":25,"column":15},"end":{"line":25,"column":16}},"loc":{"start":{"line":25,"column":40},"end":{"line":28,"column":1}},"line":25},"5":{"name":"(anonymous_5)","decl":{"start":{"line":30,"column":19},"end":{"line":30,"column":20}},"loc":{"start":{"line":30,"column":31},"end":{"line":36,"column":1}},"line":30}},"branchMap":{},"s":{"0":0,"1":0,"2":0,"3":0,"4":0,"5":0,"6":0,"7":0,"8":0,"9":0,"10":0,"11":0,"12":0,"13":0,"14":0,"15":0,"16":0,"17":0,"18":0},"f":{"0":0,"1":0,"2":0,"3":0,"4":0,"5":0},"b":{},"hash":"9d825dafffea20540ccdd1f8be74fb4ce40cc3d9"}
,"/home/ousavola/Fullstack/Osa5/src/services/login.js": {"path":"/home/ousavola/Fullstack/Osa5/src/services/login.js","statementMap":{"0":{"start":{"line":2,"column":16},"end":{"line":2,"column":28}},"1":{"start":{"line":4,"column":14},"end":{"line":7,"column":1}},"2":{"start":{"line":5,"column":19},"end":{"line":5,"column":57}},"3":{"start":{"line":6,"column":2},"end":{"line":6,"column":22}}},"fnMap":{"0":{"name":"(anonymous_0)","decl":{"start":{"line":4,"column":14},"end":{"line":4,"column":15}},"loc":{"start":{"line":4,"column":35},"end":{"line":7,"column":1}},"line":4}},"branchMap":{},"s":{"0":1,"1":1,"2":0,"3":0},"f":{"0":0},"b":{},"_coverageSchema":"43e27e138ebf9cfc5966b082cf9a028302ed4184","hash":"85e09f9190faf8a64ab67c7c628ca53f0e6406b0"}
}
