TN:
SF:/home/ousavola/Fullstack/Osa5/src/App.js
FN:10,App
FN:21,(anonymous_1)
FN:24,(anonymous_2)
FN:26,(anonymous_3)
FN:32,(anonymous_4)
FN:41,(anonymous_5)
FN:42,(anonymous_6)
FN:44,(anonymous_7)
FN:45,(anonymous_8)
FN:48,(anonymous_9)
FN:64,(anonymous_10)
FN:70,(anonymous_11)
FN:71,(anonymous_12)
FN:77,(anonymous_13)
FN:85,(anonymous_14)
FN:90,(anonymous_15)
FN:92,(anonymous_16)
FN:98,(anonymous_17)
FN:103,(anonymous_18)
FN:105,(anonymous_19)
FN:106,(anonymous_20)
FN:111,(anonymous_21)
FN:112,(anonymous_22)
FN:126,(anonymous_23)
FN:127,(anonymous_24)
FN:131,(anonymous_25)
FN:132,(anonymous_26)
FN:137,(anonymous_27)
FN:141,(anonymous_28)
FN:152,(anonymous_29)
FN:161,(anonymous_30)
FNF:31
FNH:9
FNDA:7,App
FNDA:2,(anonymous_1)
FNDA:2,(anonymous_2)
FNDA:5,(anonymous_3)
FNDA:2,(anonymous_4)
FNDA:3,(anonymous_5)
FNDA:3,(anonymous_6)
FNDA:0,(anonymous_7)
FNDA:0,(anonymous_8)
FNDA:0,(anonymous_9)
FNDA:0,(anonymous_10)
FNDA:0,(anonymous_11)
FNDA:0,(anonymous_12)
FNDA:0,(anonymous_13)
FNDA:4,(anonymous_14)
FNDA:0,(anonymous_15)
FNDA:0,(anonymous_16)
FNDA:3,(anonymous_17)
FNDA:0,(anonymous_18)
FNDA:0,(anonymous_19)
FNDA:0,(anonymous_20)
FNDA:0,(anonymous_21)
FNDA:0,(anonymous_22)
FNDA:0,(anonymous_23)
FNDA:0,(anonymous_24)
FNDA:0,(anonymous_25)
FNDA:0,(anonymous_26)
FNDA:0,(anonymous_27)
FNDA:0,(anonymous_28)
FNDA:0,(anonymous_29)
FNDA:0,(anonymous_30)
DA:11,7
DA:12,7
DA:13,7
DA:14,7
DA:15,7
DA:16,7
DA:17,7
DA:18,7
DA:19,7
DA:21,7
DA:22,2
DA:25,2
DA:26,5
DA:27,2
DA:28,2
DA:32,7
DA:33,2
DA:34,2
DA:35,1
DA:36,1
DA:37,1
DA:41,7
DA:42,3
DA:43,3
DA:44,0
DA:45,0
DA:48,7
DA:49,0
DA:50,0
DA:51,0
DA:52,0
DA:55,0
DA:58,0
DA:59,0
DA:60,0
DA:61,0
DA:63,0
DA:64,0
DA:65,0
DA:70,7
DA:71,0
DA:72,0
DA:73,0
DA:77,7
DA:78,0
DA:79,0
DA:80,0
DA:81,0
DA:82,0
DA:85,7
DA:86,4
DA:90,0
DA:92,0
DA:96,7
DA:98,7
DA:99,3
DA:103,0
DA:105,0
DA:106,0
DA:111,7
DA:112,0
DA:113,0
DA:114,0
DA:115,0
DA:116,0
DA:117,0
DA:118,0
DA:125,0
DA:126,0
DA:127,0
DA:128,0
DA:131,7
DA:132,0
DA:133,0
DA:134,0
DA:135,0
DA:136,0
DA:137,0
DA:141,7
DA:142,0
DA:143,0
DA:144,0
DA:150,0
DA:153,0
DA:154,0
DA:155,0
DA:156,0
DA:157,0
DA:158,0
DA:159,0
DA:162,0
DA:163,0
DA:167,7
LF:93
LH:36
BRDA:34,0,0,1
BRDA:34,0,1,1
BRDA:126,1,0,0
BRDA:126,1,1,0
BRDA:134,2,0,0
BRDA:134,2,1,0
BRDA:170,3,0,4
BRDA:170,3,1,3
BRF:8
BRH:4
end_of_record
TN:
SF:/home/ousavola/Fullstack/Osa5/src/index.js
FNF:0
FNH:0
DA:6,0
LF:1
LH:0
BRF:0
BRH:0
end_of_record
TN:
SF:/home/ousavola/Fullstack/Osa5/src/components/Blog.js
FN:3,(anonymous_0)
FN:16,(anonymous_1)
FNF:2
FNH:2
FNDA:9,(anonymous_0)
FNDA:2,(anonymous_1)
DA:3,2
DA:4,9
DA:6,9
DA:13,9
DA:14,9
DA:16,9
DA:17,2
DA:20,9
DA:21,9
LF:9
LH:9
BRDA:13,0,0,8
BRDA:13,0,1,1
BRDA:14,1,0,8
BRDA:14,1,1,1
BRDA:36,2,0,8
BRDA:36,2,1,1
BRF:6
BRH:6
end_of_record
TN:
SF:/home/ousavola/Fullstack/Osa5/src/components/CreateBlogForm.js
FN:4,(anonymous_0)
FNF:1
FNH:1
FNDA:3,(anonymous_0)
DA:4,1
DA:5,3
DA:36,1
LF:3
LH:3
BRF:0
BRH:0
end_of_record
TN:
SF:/home/ousavola/Fullstack/Osa5/src/components/LoginForm.js
FN:4,(anonymous_0)
FNF:1
FNH:1
FNDA:4,(anonymous_0)
DA:4,1
DA:5,4
DA:27,1
LF:3
LH:3
BRF:0
BRH:0
end_of_record
TN:
SF:/home/ousavola/Fullstack/Osa5/src/components/Notification.js
FN:4,(anonymous_0)
FNF:1
FNH:1
FNDA:7,(anonymous_0)
DA:4,1
DA:5,7
DA:6,0
DA:11,7
DA:12,0
DA:18,7
LF:6
LH:4
BRDA:5,0,0,0
BRDA:5,0,1,7
BRDA:11,1,0,0
BRDA:11,1,1,7
BRF:4
BRH:2
end_of_record
TN:
SF:/home/ousavola/Fullstack/Osa5/src/components/SimpleBlog.js
FN:3,(anonymous_0)
FNF:1
FNH:1
FNDA:2,(anonymous_0)
DA:3,1
DA:4,2
LF:2
LH:2
BRF:0
BRH:0
end_of_record
TN:
SF:/home/ousavola/Fullstack/Osa5/src/components/Togglable.js
FN:3,(anonymous_0)
FN:10,(anonymous_1)
FN:14,(anonymous_2)
FNF:3
FNH:2
FNDA:7,(anonymous_0)
FNDA:0,(anonymous_1)
FNDA:3,(anonymous_2)
DA:3,1
DA:5,7
DA:7,7
DA:8,7
DA:10,7
DA:11,0
DA:14,7
DA:15,3
DA:20,7
DA:32,1
LF:10
LH:9
BRDA:7,0,0,0
BRDA:7,0,1,7
BRDA:8,1,0,0
BRDA:8,1,1,7
BRF:4
BRH:2
end_of_record
TN:
SF:/home/ousavola/Fullstack/Osa5/src/services/blogs.js
FN:7,(anonymous_0)
FN:11,(anonymous_1)
FN:13,(anonymous_2)
FN:16,(anonymous_3)
FN:25,(anonymous_4)
FN:30,(anonymous_5)
FNF:6
FNH:0
FNDA:0,(anonymous_0)
FNDA:0,(anonymous_1)
FNDA:0,(anonymous_2)
FNDA:0,(anonymous_3)
FNDA:0,(anonymous_4)
FNDA:0,(anonymous_5)
DA:3,0
DA:5,0
DA:7,0
DA:8,0
DA:11,0
DA:12,0
DA:13,0
DA:16,0
DA:17,0
DA:21,0
DA:22,0
DA:25,0
DA:26,0
DA:27,0
DA:30,0
DA:31,0
DA:34,0
DA:35,0
LF:18
LH:0
BRF:0
BRH:0
end_of_record
TN:
SF:/home/ousavola/Fullstack/Osa5/src/services/login.js
FN:4,(anonymous_0)
FNF:1
FNH:0
FNDA:0,(anonymous_0)
DA:2,1
DA:4,1
DA:5,0
DA:6,0
LF:4
LH:2
BRF:0
BRH:0
end_of_record
